<?xml version="1.0" encoding="UTF-8"?>
<!-- Generated by org.testng.reporters.JUnitReportReporter -->
<testsuite hostname="DESKTOP-UT3M5IE" failures="0" tests="4" name="Trello.trello" time="9.144" errors="0" timestamp="2023-03-28T19:52:00 IST" skipped="0">
  <testcase classname="Trello.trello" name="Create_a_board" time="5.314"/>
  <system-out/>
  <testcase classname="Trello.trello" name="Get_a_board" time="1.333"/>
  <system-out/>
  <testcase classname="Trello.trello" name="Update_a_board" time="0.722"/>
  <system-out/>
  <testcase classname="Trello.trello" name="Delete_a_board" time="1.775"/>
  <system-out/>
</testsuite> <!-- Trello.trello -->
