<?xml version="1.0" encoding="UTF-8"?>
<!-- Generated by org.testng.reporters.JUnitReportReporter -->
<testsuite hostname="DESKTOP-UT3M5IE" failures="0" tests="1" name="runner.testrunner" time="57.884" errors="0" timestamp="2023-03-29T16:29:20 IST" skipped="0">
  <testcase classname="runner.testrunner" name="runScenario" time="57.884"/>
  <system-out/>
</testsuite> <!-- runner.testrunner -->
