<?xml version="1.0" encoding="UTF-8"?>
<!-- Generated by org.testng.reporters.JUnitReportReporter -->
<testsuite hostname="DESKTOP-UT3M5IE" failures="0" tests="1" name="Datadriven.method" time="79.116" errors="0" timestamp="2023-03-07T17:18:02 IST" skipped="0">
  <testcase classname="Datadriven.method" name="tc1" time="79.116"/>
  <system-out/>
</testsuite> <!-- Datadriven.method -->
