<?xml version="1.0" encoding="UTF-8"?>
<!-- Generated by org.testng.reporters.JUnitReportReporter -->
<testsuite hostname="DESKTOP-UT3M5IE" failures="0" tests="2" name="Datadriven.extent" time="26.286" errors="0" timestamp="2023-03-09T13:06:24 IST" skipped="0">
  <testcase classname="Datadriven.extent" name="Login" time="18.859"/>
  <system-out/>
  <testcase classname="Datadriven.extent" name="Logout" time="7.427"/>
  <system-out/>
</testsuite> <!-- Datadriven.extent -->
